[20-Apr-2021 19:12:42 Australia/Sydney] PHP Notice:  Undefined variable: i in /var/www/oggyp.com/chess/play/bin/CSkins.php on line 79
[20-Apr-2021 19:12:42 Australia/Sydney] PHP Warning:  Use of undefined constant CONNECTED - assumed 'CONNECTED' (this will throw an Error in a future version of PHP) in /var/www/oggyp.com/chess/play/bin/CR3DCQuery.php on line 61
[20-Apr-2021 19:12:42 Australia/Sydney] PHP Notice:  Undefined variable: i in /var/www/oggyp.com/chess/play/bin/CR3DCQuery.php on line 76
[20-Apr-2021 19:12:42 Australia/Sydney] PHP Notice:  Undefined index: user in /var/www/oggyp.com/chess/play/includes/language.php on line 96
[20-Apr-2021 19:12:42 Australia/Sydney] PHP Notice:  Undefined index: user in /var/www/oggyp.com/chess/play/includes/language.php on line 96
[20-Apr-2021 19:12:42 Australia/Sydney] PHP Notice:  Undefined index: user in /var/www/oggyp.com/chess/play/includes/language.php on line 96
[20-Apr-2021 19:12:42 Australia/Sydney] PHP Notice:  Undefined index: user in /var/www/oggyp.com/chess/play/includes/language.php on line 96
[20-Apr-2021 19:12:42 Australia/Sydney] PHP Notice:  Undefined index: user in /var/www/oggyp.com/chess/play/includes/language.php on line 96
[20-Apr-2021 19:12:42 Australia/Sydney] PHP Notice:  Undefined index: user in /var/www/oggyp.com/chess/play/includes/language.php on line 96
[20-Apr-2021 19:12:42 Australia/Sydney] PHP Notice:  Undefined index: user in /var/www/oggyp.com/chess/play/includes/language.php on line 96
[20-Apr-2021 19:12:42 Australia/Sydney] PHP Notice:  Undefined index: user in /var/www/oggyp.com/chess/play/includes/language.php on line 96
[20-Apr-2021 19:12:42 Australia/Sydney] PHP Notice:  Undefined index: user in /var/www/oggyp.com/chess/play/includes/language.php on line 96
[20-Apr-2021 19:12:42 Australia/Sydney] PHP Notice:  Undefined index: user in /var/www/oggyp.com/chess/play/includes/language.php on line 96
[20-Apr-2021 19:12:42 Australia/Sydney] PHP Notice:  Undefined index: user in /var/www/oggyp.com/chess/play/includes/language.php on line 96
[20-Apr-2021 19:12:42 Australia/Sydney] PHP Notice:  Undefined index: user in /var/www/oggyp.com/chess/play/includes/language.php on line 96
[20-Apr-2021 19:12:42 Australia/Sydney] PHP Notice:  Undefined index: user in /var/www/oggyp.com/chess/play/includes/language.php on line 96
[20-Apr-2021 19:12:42 Australia/Sydney] PHP Notice:  Undefined index: user in /var/www/oggyp.com/chess/play/includes/language.php on line 96
[20-Apr-2021 19:12:42 Australia/Sydney] PHP Notice:  Undefined index: user in /var/www/oggyp.com/chess/play/includes/language.php on line 96
[20-Apr-2021 19:12:42 Australia/Sydney] PHP Notice:  Undefined index: user in /var/www/oggyp.com/chess/play/includes/language.php on line 96
[20-Apr-2021 19:12:42 Australia/Sydney] PHP Notice:  Undefined index: user in /var/www/oggyp.com/chess/play/includes/language.php on line 96
[20-Apr-2021 19:12:42 Australia/Sydney] PHP Notice:  Undefined index: user in /var/www/oggyp.com/chess/play/includes/language.php on line 96
[20-Apr-2021 19:12:42 Australia/Sydney] PHP Notice:  Undefined index: user in /var/www/oggyp.com/chess/play/includes/language.php on line 96
[20-Apr-2021 19:12:42 Australia/Sydney] PHP Notice:  Undefined index: user in /var/www/oggyp.com/chess/play/includes/language.php on line 96
[20-Apr-2021 19:12:42 Australia/Sydney] PHP Notice:  Undefined index: user in /var/www/oggyp.com/chess/play/includes/language.php on line 96
[20-Apr-2021 19:12:42 Australia/Sydney] PHP Notice:  Undefined index: user in /var/www/oggyp.com/chess/play/includes/language.php on line 96
[20-Apr-2021 19:12:42 Australia/Sydney] PHP Notice:  Undefined index: user in /var/www/oggyp.com/chess/play/includes/language.php on line 96
[20-Apr-2021 19:12:42 Australia/Sydney] PHP Notice:  Undefined index: user in /var/www/oggyp.com/chess/play/includes/language.php on line 96
[20-Apr-2021 19:12:42 Australia/Sydney] PHP Notice:  Undefined index: user in /var/www/oggyp.com/chess/play/includes/language.php on line 96
[20-Apr-2021 19:12:42 Australia/Sydney] PHP Notice:  Undefined index: user in /var/www/oggyp.com/chess/play/includes/language.php on line 96
[20-Apr-2021 19:12:42 Australia/Sydney] PHP Notice:  Undefined index: user in /var/www/oggyp.com/chess/play/includes/language.php on line 96
[20-Apr-2021 19:12:42 Australia/Sydney] PHP Notice:  Undefined index: user in /var/www/oggyp.com/chess/play/includes/language.php on line 96
[20-Apr-2021 19:12:42 Australia/Sydney] PHP Notice:  Undefined index: user in /var/www/oggyp.com/chess/play/includes/language.php on line 96
[20-Apr-2021 19:12:42 Australia/Sydney] PHP Notice:  Undefined index: user in /var/www/oggyp.com/chess/play/includes/language.php on line 96
[20-Apr-2021 19:12:42 Australia/Sydney] PHP Notice:  Undefined index: id in /var/www/oggyp.com/chess/play/includes/javascript_admin.php on line 29
[20-Apr-2021 19:12:42 Australia/Sydney] PHP Notice:  Undefined index: user in /var/www/oggyp.com/chess/play/includes/language.php on line 96
[20-Apr-2021 19:12:42 Australia/Sydney] PHP Notice:  Undefined index: user in /var/www/oggyp.com/chess/play/includes/language.php on line 96
[20-Apr-2021 19:12:42 Australia/Sydney] PHP Notice:  Undefined index: user in /var/www/oggyp.com/chess/play/includes/language.php on line 96
[20-Apr-2021 19:12:42 Australia/Sydney] PHP Notice:  Undefined index: user in /var/www/oggyp.com/chess/play/includes/language.php on line 96
[20-Apr-2021 19:12:42 Australia/Sydney] PHP Notice:  Undefined index: user in /var/www/oggyp.com/chess/play/includes/language.php on line 96
[20-Apr-2021 19:12:42 Australia/Sydney] PHP Notice:  Undefined index: user in /var/www/oggyp.com/chess/play/includes/language.php on line 96
[20-Apr-2021 19:12:42 Australia/Sydney] PHP Notice:  Undefined index: user in /var/www/oggyp.com/chess/play/includes/language.php on line 96
[20-Apr-2021 19:12:42 Australia/Sydney] PHP Notice:  Undefined index: user in /var/www/oggyp.com/chess/play/includes/language.php on line 96
[20-Apr-2021 19:12:42 Australia/Sydney] PHP Notice:  Undefined index: user in /var/www/oggyp.com/chess/play/includes/language.php on line 96
[20-Apr-2021 19:12:42 Australia/Sydney] PHP Notice:  Undefined index: user in /var/www/oggyp.com/chess/play/includes/language.php on line 96
[20-Apr-2021 19:12:42 Australia/Sydney] PHP Notice:  Undefined index: user in /var/www/oggyp.com/chess/play/includes/language.php on line 96
[20-Apr-2021 19:12:42 Australia/Sydney] PHP Notice:  Undefined index: user in /var/www/oggyp.com/chess/play/includes/language.php on line 96
[20-Apr-2021 19:12:42 Australia/Sydney] PHP Notice:  Undefined index: user in /var/www/oggyp.com/chess/play/includes/language.php on line 96
[20-Apr-2021 19:12:42 Australia/Sydney] PHP Notice:  Undefined index: user in /var/www/oggyp.com/chess/play/includes/language.php on line 96
[20-Apr-2021 19:12:42 Australia/Sydney] PHP Notice:  Undefined index: user in /var/www/oggyp.com/chess/play/bin/CR3DCQuery.php on line 149
[20-Apr-2021 19:12:42 Australia/Sydney] PHP Notice:  Undefined index: user in /var/www/oggyp.com/chess/play/includes/language.php on line 96
[20-Apr-2021 19:12:42 Australia/Sydney] PHP Notice:  Undefined index: user in /var/www/oggyp.com/chess/play/includes/language.php on line 96
[20-Apr-2021 19:12:42 Australia/Sydney] PHP Notice:  Undefined index: user in /var/www/oggyp.com/chess/play/includes/language.php on line 96
[20-Apr-2021 19:28:21 Australia/Sydney] PHP Notice:  Undefined variable: i in /var/www/oggyp.com/chess/play/bin/CSkins.php on line 79
[20-Apr-2021 19:28:21 Australia/Sydney] PHP Warning:  Use of undefined constant CONNECTED - assumed 'CONNECTED' (this will throw an Error in a future version of PHP) in /var/www/oggyp.com/chess/play/bin/CR3DCQuery.php on line 61
[20-Apr-2021 19:28:21 Australia/Sydney] PHP Notice:  Undefined variable: i in /var/www/oggyp.com/chess/play/bin/CR3DCQuery.php on line 76
[20-Apr-2021 19:28:23 Australia/Sydney] PHP Notice:  Undefined variable: i in /var/www/oggyp.com/chess/play/bin/CSkins.php on line 79
[20-Apr-2021 19:28:23 Australia/Sydney] PHP Warning:  Use of undefined constant CONNECTED - assumed 'CONNECTED' (this will throw an Error in a future version of PHP) in /var/www/oggyp.com/chess/play/bin/CR3DCQuery.php on line 61
[20-Apr-2021 19:28:23 Australia/Sydney] PHP Notice:  Undefined variable: i in /var/www/oggyp.com/chess/play/bin/CR3DCQuery.php on line 76
